# JRE version: OpenJDK Runtime Environment Temurin-21.0.4+7 (21.0.4+7) (build 21.0.4+7-LTS)
# Java VM: OpenJDK 64-Bit Server VM Temurin-21.0.4+7 (21.0.4+7-LTS, mixed mode, emulated-client, sharing, tiered, compressed oops, compressed class ptrs, g1 gc, linux-amd64)
Heap:
 garbage-first heap   total 69632K, used 49671K [0x000000070f800000, 0x0000000800000000)
  region size 2048K, 14 young (28672K), 3 survivors (6144K)
 Metaspace       used 65027K, committed 65536K, reserved 1114112K
  class space    used 9040K, committed 9280K, reserved 1048576K
GC Heap History (20 events):
Event: 1.423 GC heap before
{Heap before GC invocations=2 (full 0):
 garbage-first heap   total 249856K, used 52824K [0x000000070f800000, 0x0000000800000000)
  region size 2048K, 23 young (47104K), 1 survivors (2048K)
 Metaspace       used 18039K, committed 18304K, reserved 1114112K
  class space    used 2466K, committed 2624K, reserved 1048576K
}
Event: 1.428 GC heap after
{Heap after GC invocations=3 (full 0):
 garbage-first heap   total 249856K, used 12651K [0x000000070f800000, 0x0000000800000000)
  region size 2048K, 3 young (6144K), 3 survivors (6144K)
 Metaspace       used 18039K, committed 18304K, reserved 1114112K
  class space    used 2466K, committed 2624K, reserved 1048576K
}
Event: 1.478 GC heap before
{Heap before GC invocations=3 (full 0):
 garbage-first heap   total 249856K, used 14699K [0x000000070f800000, 0x0000000800000000)
  region size 2048K, 5 young (10240K), 3 survivors (6144K)
 Metaspace       used 18121K, committed 18368K, reserved 1114112K
  class space    used 2484K, committed 2624K, reserved 1048576K
}
Event: 1.482 GC heap after
{Heap after GC invocations=4 (full 0):
 garbage-first heap   total 249856K, used 12797K [0x000000070f800000, 0x0000000800000000)
  region size 2048K, 3 young (6144K), 3 survivors (6144K)
 Metaspace       used 18121K, committed 18368K, reserved 1114112K
  class space    used 2484K, committed 2624K, reserved 1048576K
}
Event: 2.291 GC heap before
{Heap before GC invocations=5 (full 0):
 garbage-first heap   total 55296K, used 51709K [0x000000070f800000, 0x0000000800000000)
  region size 2048K, 22 young (45056K), 3 survivors (6144K)
 Metaspace       used 24049K, committed 24320K, reserved 1114112K
  class space    used 3377K, committed 3520K, reserved 1048576K
}
Event: 2.302 GC heap after
{Heap after GC invocations=6 (full 0):
 garbage-first heap   total 63488K, used 15789K [0x000000070f800000, 0x0000000800000000)
  region size 2048K, 4 young (8192K), 4 survivors (8192K)
 Metaspace       used 24049K, committed 24320K, reserved 1114112K
  class space    used 3377K, committed 3520K, reserved 1048576K
}
Event: 2.751 GC heap before
{Heap before GC invocations=6 (full 0):
 garbage-first heap   total 63488K, used 44461K [0x000000070f800000, 0x0000000800000000)
  region size 2048K, 18 young (36864K), 4 survivors (8192K)
 Metaspace       used 28300K, committed 28608K, reserved 1114112K
  class space    used 3919K, committed 4032K, reserved 1048576K
}
Event: 2.757 GC heap after
{Heap after GC invocations=7 (full 0):
 garbage-first heap   total 77824K, used 18251K [0x000000070f800000, 0x0000000800000000)
  region size 2048K, 2 young (4096K), 2 survivors (4096K)
 Metaspace       used 28300K, committed 28608K, reserved 1114112K
  class space    used 3919K, committed 4032K, reserved 1048576K
}
Event: 2.877 GC heap before
{Heap before GC invocations=7 (full 0):
 garbage-first heap   total 77824K, used 24395K [0x000000070f800000, 0x0000000800000000)
  region size 2048K, 6 young (12288K), 2 survivors (4096K)
 Metaspace       used 30381K, committed 30656K, reserved 1114112K
  class space    used 4155K, committed 4288K, reserved 1048576K
}
Event: 2.880 GC heap after
{Heap after GC invocations=8 (full 0):
 garbage-first heap   total 77824K, used 17907K [0x000000070f800000, 0x0000000800000000)
  region size 2048K, 2 young (4096K), 2 survivors (4096K)
 Metaspace       used 30381K, committed 30656K, reserved 1114112K
  class space    used 4155K, committed 4288K, reserved 1048576K
}
Event: 3.751 GC heap before
{Heap before GC invocations=9 (full 0):
 garbage-first heap   total 69632K, used 58867K [0x000000070f800000, 0x0000000800000000)
  region size 2048K, 22 young (45056K), 2 survivors (4096K)
 Metaspace       used 40651K, committed 41024K, reserved 1114112K
  class space    used 5413K, committed 5568K, reserved 1048576K
}
Event: 3.754 GC heap after
{Heap after GC invocations=10 (full 0):
 garbage-first heap   total 69632K, used 20716K [0x000000070f800000, 0x0000000800000000)
  region size 2048K, 3 young (6144K), 3 survivors (6144K)
 Metaspace       used 40651K, committed 41024K, reserved 1114112K
  class space    used 5413K, committed 5568K, reserved 1048576K
}
Event: 4.188 GC heap before
{Heap before GC invocations=10 (full 0):
 garbage-first heap   total 69632K, used 53484K [0x000000070f800000, 0x0000000800000000)
  region size 2048K, 20 young (40960K), 3 survivors (6144K)
 Metaspace       used 49045K, committed 49408K, reserved 1114112K
  class space    used 6711K, committed 6848K, reserved 1048576K
}
Event: 4.191 GC heap after
{Heap after GC invocations=11 (full 0):
 garbage-first heap   total 69632K, used 21929K [0x000000070f800000, 0x0000000800000000)
  region size 2048K, 3 young (6144K), 3 survivors (6144K)
 Metaspace       used 49045K, committed 49408K, reserved 1114112K
  class space    used 6711K, committed 6848K, reserved 1048576K
}
Event: 4.290 GC heap before
{Heap before GC invocations=11 (full 0):
 garbage-first heap   total 69632K, used 28073K [0x000000070f800000, 0x0000000800000000)
  region size 2048K, 8 young (16384K), 3 survivors (6144K)
 Metaspace       used 51196K, committed 51520K, reserved 1114112K
  class space    used 7012K, committed 7168K, reserved 1048576K
}
Event: 4.293 GC heap after
{Heap after GC invocations=12 (full 0):
 garbage-first heap   total 69632K, used 22698K [0x000000070f800000, 0x0000000800000000)
  region size 2048K, 2 young (4096K), 2 survivors (4096K)
 Metaspace       used 51196K, committed 51520K, reserved 1114112K
  class space    used 7012K, committed 7168K, reserved 1048576K
}
Event: 4.643 GC heap before
{Heap before GC invocations=13 (full 0):
 garbage-first heap   total 69632K, used 55466K [0x000000070f800000, 0x0000000800000000)
  region size 2048K, 18 young (36864K), 2 survivors (4096K)
 Metaspace       used 56522K, committed 56896K, reserved 1114112K
  class space    used 7900K, committed 8064K, reserved 1048576K
}
Event: 4.645 GC heap after
{Heap after GC invocations=14 (full 0):
 garbage-first heap   total 69632K, used 24563K [0x000000070f800000, 0x0000000800000000)
  region size 2048K, 3 young (6144K), 3 survivors (6144K)
 Metaspace       used 56522K, committed 56896K, reserved 1114112K
  class space    used 7900K, committed 8064K, reserved 1048576K
}
Event: 4.963 GC heap before
{Heap before GC invocations=14 (full 0):
 garbage-first heap   total 69632K, used 53235K [0x000000070f800000, 0x0000000800000000)
  region size 2048K, 17 young (34816K), 3 survivors (6144K)
 Metaspace       used 60141K, committed 60544K, reserved 1114112K
  class space    used 8442K, committed 8640K, reserved 1048576K
}
Event: 4.971 GC heap after
{Heap after GC invocations=15 (full 0):
 garbage-first heap   total 69632K, used 27429K [0x000000070f800000, 0x0000000800000000)
  region size 2048K, 3 young (6144K), 3 survivors (6144K)
 Metaspace       used 60141K, committed 60544K, reserved 1114112K
  class space    used 8442K, committed 8640K, reserved 1048576K
}

